2025-07-30 15:14:23 - INFO - Logging configuration successfully loaded.
2025-07-30 15:14:23 - INFO - Directory already exists: C:\Users\madis\Documents\Coding\PythonProjects\AUTOSearch\output
2025-07-30 15:14:23 - INFO - Directory already exists: C:\Users\madis\Documents\Coding\PythonProjects\AUTOSearch\output
2025-07-30 15:14:23 - INFO - Directory already exists: C:\Users\madis\Documents\Coding\PythonProjects\AUTOSearch\logs
2025-07-30 15:14:23 - INFO - Environment initialized successfully.C:\Users\madis\Documents\Coding\PythonProjects\AUTOSearch
2025-08-01 09:47:55 - INFO - Logging configuration successfully loaded.
2025-08-01 09:47:55 - INFO - Directory already exists: C:\Users\madis\Documents\Coding\PythonProjects\AUTOSearch\output
2025-08-01 09:47:55 - INFO - Directory already exists: C:\Users\madis\Documents\Coding\PythonProjects\AUTOSearch\output
2025-08-01 09:47:55 - INFO - Directory already exists: C:\Users\madis\Documents\Coding\PythonProjects\AUTOSearch\logs
2025-08-01 09:47:55 - INFO - Environment initialized successfully.C:\Users\madis\Documents\Coding\PythonProjects\AUTOSearch
2025-08-01 11:15:29 - INFO - Logging configuration successfully loaded.
2025-08-01 11:15:29 - INFO - Directory already exists: C:\Users\madis\Documents\Coding\PythonProjects\AUTOSearch\output
2025-08-01 11:15:29 - INFO - Directory already exists: C:\Users\madis\Documents\Coding\PythonProjects\AUTOSearch\output
2025-08-01 11:15:29 - INFO - Directory already exists: C:\Users\madis\Documents\Coding\PythonProjects\AUTOSearch\logs
2025-08-01 11:15:29 - INFO - Environment initialized successfully.C:\Users\madis\Documents\Coding\PythonProjects\AUTOSearch
2025-08-01 11:17:42 - INFO - Logging configuration successfully loaded.
2025-08-01 11:17:42 - INFO - Directory already exists: C:\Users\madis\Documents\Coding\PythonProjects\AUTOSearch\output
2025-08-01 11:17:42 - INFO - Directory already exists: C:\Users\madis\Documents\Coding\PythonProjects\AUTOSearch\output
2025-08-01 11:17:42 - INFO - Directory already exists: C:\Users\madis\Documents\Coding\PythonProjects\AUTOSearch\logs
2025-08-01 11:17:42 - INFO - Environment initialized successfully.C:\Users\madis\Documents\Coding\PythonProjects\AUTOSearch
2025-08-01 12:00:56 - INFO - Logging configuration successfully loaded.
2025-08-01 12:00:56 - INFO - Directory already exists: C:\Users\madis\Documents\Coding\PythonProjects\AUTOSearch\output
2025-08-01 12:00:56 - INFO - Directory already exists: C:\Users\madis\Documents\Coding\PythonProjects\AUTOSearch\output
2025-08-01 12:00:56 - INFO - Directory already exists: C:\Users\madis\Documents\Coding\PythonProjects\AUTOSearch\logs
2025-08-01 12:00:56 - INFO - Environment initialized successfully.C:\Users\madis\Documents\Coding\PythonProjects\AUTOSearch
2025-08-01 12:18:03 - INFO - Logging configuration successfully loaded.
2025-08-01 12:18:03 - INFO - Directory already exists: C:\Users\madis\Documents\Coding\PythonProjects\AUTOSearch\output
2025-08-01 12:18:03 - INFO - Directory already exists: C:\Users\madis\Documents\Coding\PythonProjects\AUTOSearch\output
2025-08-01 12:18:03 - INFO - Directory already exists: C:\Users\madis\Documents\Coding\PythonProjects\AUTOSearch\logs
2025-08-01 12:18:03 - INFO - Environment initialized successfully.C:\Users\madis\Documents\Coding\PythonProjects\AUTOSearch
2025-08-01 12:21:24 - INFO - Logging configuration successfully loaded.
2025-08-01 12:21:24 - INFO - Directory already exists: C:\Users\madis\Documents\Coding\PythonProjects\AUTOSearch\output
2025-08-01 12:21:24 - INFO - Directory already exists: C:\Users\madis\Documents\Coding\PythonProjects\AUTOSearch\output
2025-08-01 12:21:24 - INFO - Directory already exists: C:\Users\madis\Documents\Coding\PythonProjects\AUTOSearch\logs
2025-08-01 12:21:24 - INFO - Environment initialized successfully.C:\Users\madis\Documents\Coding\PythonProjects\AUTOSearch
2025-08-01 12:22:56 - INFO - Logging configuration successfully loaded.
2025-08-01 12:22:56 - INFO - Directory already exists: C:\Users\madis\Documents\Coding\PythonProjects\AUTOSearch\output
2025-08-01 12:22:56 - INFO - Directory already exists: C:\Users\madis\Documents\Coding\PythonProjects\AUTOSearch\output
2025-08-01 12:22:56 - INFO - Directory already exists: C:\Users\madis\Documents\Coding\PythonProjects\AUTOSearch\logs
2025-08-01 12:22:56 - INFO - Environment initialized successfully.C:\Users\madis\Documents\Coding\PythonProjects\AUTOSearch
2025-08-01 12:24:58 - INFO - Logging configuration successfully loaded.
2025-08-01 12:24:58 - INFO - Directory already exists: C:\Users\madis\Documents\Coding\PythonProjects\AUTOSearch\output
2025-08-01 12:24:58 - INFO - Directory already exists: C:\Users\madis\Documents\Coding\PythonProjects\AUTOSearch\output
2025-08-01 12:24:58 - INFO - Directory already exists: C:\Users\madis\Documents\Coding\PythonProjects\AUTOSearch\logs
2025-08-01 12:24:58 - INFO - Environment initialized successfully.C:\Users\madis\Documents\Coding\PythonProjects\AUTOSearch
2025-08-01 12:25:57 - INFO - Logging configuration successfully loaded.
2025-08-01 12:25:57 - INFO - Directory already exists: C:\Users\madis\Documents\Coding\PythonProjects\AUTOSearch\output
2025-08-01 12:25:57 - INFO - Directory already exists: C:\Users\madis\Documents\Coding\PythonProjects\AUTOSearch\output
2025-08-01 12:25:57 - INFO - Directory already exists: C:\Users\madis\Documents\Coding\PythonProjects\AUTOSearch\logs
2025-08-01 12:25:57 - INFO - Environment initialized successfully.C:\Users\madis\Documents\Coding\PythonProjects\AUTOSearch
2025-08-01 12:26:27 - INFO - Logging configuration successfully loaded.
2025-08-01 12:26:27 - INFO - Directory already exists: C:\Users\madis\Documents\Coding\PythonProjects\AUTOSearch\output
2025-08-01 12:26:27 - INFO - Directory already exists: C:\Users\madis\Documents\Coding\PythonProjects\AUTOSearch\output
2025-08-01 12:26:27 - INFO - Directory already exists: C:\Users\madis\Documents\Coding\PythonProjects\AUTOSearch\logs
2025-08-01 12:26:27 - INFO - Environment initialized successfully.C:\Users\madis\Documents\Coding\PythonProjects\AUTOSearch
2025-08-01 12:47:10 - INFO - Logging configuration successfully loaded.
2025-08-01 12:47:10 - INFO - Directory already exists: C:\Users\madis\Documents\Coding\PythonProjects\AUTOSearch\output
2025-08-01 12:47:10 - INFO - Directory already exists: C:\Users\madis\Documents\Coding\PythonProjects\AUTOSearch\output
2025-08-01 12:47:10 - INFO - Directory already exists: C:\Users\madis\Documents\Coding\PythonProjects\AUTOSearch\logs
2025-08-01 12:47:10 - INFO - Environment initialized successfully.C:\Users\madis\Documents\Coding\PythonProjects\AUTOSearch
2025-08-01 12:47:43 - INFO - Logging configuration successfully loaded.
2025-08-01 12:47:43 - INFO - Directory already exists: C:\Users\madis\Documents\Coding\PythonProjects\AUTOSearch\output
2025-08-01 12:47:43 - INFO - Directory already exists: C:\Users\madis\Documents\Coding\PythonProjects\AUTOSearch\output
2025-08-01 12:47:43 - INFO - Directory already exists: C:\Users\madis\Documents\Coding\PythonProjects\AUTOSearch\logs
2025-08-01 12:47:43 - INFO - Environment initialized successfully.C:\Users\madis\Documents\Coding\PythonProjects\AUTOSearch
2025-08-01 12:48:22 - INFO - Logging configuration successfully loaded.
2025-08-01 12:48:22 - INFO - Directory already exists: C:\Users\madis\Documents\Coding\PythonProjects\AUTOSearch\output
2025-08-01 12:48:22 - INFO - Directory already exists: C:\Users\madis\Documents\Coding\PythonProjects\AUTOSearch\output
2025-08-01 12:48:22 - INFO - Directory already exists: C:\Users\madis\Documents\Coding\PythonProjects\AUTOSearch\logs
2025-08-01 12:48:22 - INFO - Environment initialized successfully.C:\Users\madis\Documents\Coding\PythonProjects\AUTOSearch
2025-08-01 12:49:05 - INFO - Logging configuration successfully loaded.
2025-08-01 12:49:05 - INFO - Directory already exists: C:\Users\madis\Documents\Coding\PythonProjects\AUTOSearch\output
2025-08-01 12:49:05 - INFO - Directory already exists: C:\Users\madis\Documents\Coding\PythonProjects\AUTOSearch\output
2025-08-01 12:49:05 - INFO - Directory already exists: C:\Users\madis\Documents\Coding\PythonProjects\AUTOSearch\logs
2025-08-01 12:49:05 - INFO - Environment initialized successfully.C:\Users\madis\Documents\Coding\PythonProjects\AUTOSearch
2025-08-06 09:07:18 - INFO - Logging configuration successfully loaded.
2025-08-06 09:07:18 - INFO - Directory already exists: C:\Users\madis\Documents\Coding\PythonProjects\AUTOSearch\output
2025-08-06 09:07:18 - INFO - Directory already exists: C:\Users\madis\Documents\Coding\PythonProjects\AUTOSearch\output
2025-08-06 09:07:18 - INFO - Directory already exists: C:\Users\madis\Documents\Coding\PythonProjects\AUTOSearch\logs
2025-08-06 09:07:18 - INFO - Environment initialized successfully.C:\Users\madis\Documents\Coding\PythonProjects\AUTOSearch
2025-08-06 10:16:22 - INFO - Logging configuration successfully loaded.
2025-08-06 10:16:22 - INFO - Directory already exists: C:\Users\madis\Documents\Coding\PythonProjects\AUTOSearch\output
2025-08-06 10:16:22 - INFO - Directory already exists: C:\Users\madis\Documents\Coding\PythonProjects\AUTOSearch\output
2025-08-06 10:16:22 - INFO - Directory already exists: C:\Users\madis\Documents\Coding\PythonProjects\AUTOSearch\logs
2025-08-06 10:16:22 - INFO - Environment initialized successfully.C:\Users\madis\Documents\Coding\PythonProjects\AUTOSearch
2025-08-06 10:30:24 - INFO - Logging configuration successfully loaded.
2025-08-06 10:30:24 - INFO - Directory already exists: C:\Users\madis\Documents\Coding\PythonProjects\AUTOSearch\output
2025-08-06 10:30:24 - INFO - Directory already exists: C:\Users\madis\Documents\Coding\PythonProjects\AUTOSearch\output
2025-08-06 10:30:24 - INFO - Directory already exists: C:\Users\madis\Documents\Coding\PythonProjects\AUTOSearch\logs
2025-08-06 10:30:24 - INFO - Environment initialized successfully.C:\Users\madis\Documents\Coding\PythonProjects\AUTOSearch
2025-08-06 10:32:02 - INFO - Logging configuration successfully loaded.
2025-08-06 10:32:02 - INFO - Directory already exists: C:\Users\madis\Documents\Coding\PythonProjects\AUTOSearch\output
2025-08-06 10:32:02 - INFO - Directory already exists: C:\Users\madis\Documents\Coding\PythonProjects\AUTOSearch\output
2025-08-06 10:32:02 - INFO - Directory already exists: C:\Users\madis\Documents\Coding\PythonProjects\AUTOSearch\logs
2025-08-06 10:32:02 - INFO - Environment initialized successfully.C:\Users\madis\Documents\Coding\PythonProjects\AUTOSearch
2025-08-06 10:34:33 - INFO - Logging configuration successfully loaded.
2025-08-06 10:34:33 - INFO - Directory already exists: C:\Users\madis\Documents\Coding\PythonProjects\AUTOSearch\output
2025-08-06 10:34:33 - INFO - Directory already exists: C:\Users\madis\Documents\Coding\PythonProjects\AUTOSearch\output
2025-08-06 10:34:33 - INFO - Directory already exists: C:\Users\madis\Documents\Coding\PythonProjects\AUTOSearch\logs
2025-08-06 10:34:33 - INFO - Environment initialized successfully.C:\Users\madis\Documents\Coding\PythonProjects\AUTOSearch
2025-08-06 10:34:38 - ERROR - Error saving file: [Errno 13] Permission denied: 'C:\\Users\\madis\\Documents\\Coding\\PythonProjects\\AUTOSearch\\output'
2025-08-06 10:35:15 - INFO - Logging configuration successfully loaded.
2025-08-06 10:35:15 - INFO - Directory already exists: C:\Users\madis\Documents\Coding\PythonProjects\AUTOSearch\output
2025-08-06 10:35:15 - INFO - Directory already exists: C:\Users\madis\Documents\Coding\PythonProjects\AUTOSearch\output
2025-08-06 10:35:15 - INFO - Directory already exists: C:\Users\madis\Documents\Coding\PythonProjects\AUTOSearch\logs
2025-08-06 10:35:15 - INFO - Environment initialized successfully.C:\Users\madis\Documents\Coding\PythonProjects\AUTOSearch
2025-08-06 10:35:18 - ERROR - Error saving file: [Errno 13] Permission denied: 'C:\\Users\\madis\\Documents\\Coding\\PythonProjects\\AUTOSearch\\output'
2025-08-06 10:41:05 - INFO - Logging configuration successfully loaded.
2025-08-06 10:41:05 - INFO - Directory already exists: C:\Users\madis\Documents\Coding\PythonProjects\AUTOSearch\output
2025-08-06 10:41:05 - INFO - Directory already exists: C:\Users\madis\Documents\Coding\PythonProjects\AUTOSearch\output
2025-08-06 10:41:05 - INFO - Directory already exists: C:\Users\madis\Documents\Coding\PythonProjects\AUTOSearch\logs
2025-08-06 10:41:05 - INFO - Environment initialized successfully.C:\Users\madis\Documents\Coding\PythonProjects\AUTOSearch
2025-08-06 10:51:27 - INFO - Logging configuration successfully loaded.
2025-08-06 10:51:27 - INFO - Directory already exists: C:\Users\madis\Documents\Coding\PythonProjects\AUTOSearch\output
2025-08-06 10:51:27 - INFO - Directory already exists: C:\Users\madis\Documents\Coding\PythonProjects\AUTOSearch\output
2025-08-06 10:51:27 - INFO - Directory already exists: C:\Users\madis\Documents\Coding\PythonProjects\AUTOSearch\logs
2025-08-06 10:51:27 - INFO - Environment initialized successfully.C:\Users\madis\Documents\Coding\PythonProjects\AUTOSearch
2025-08-06 10:52:27 - INFO - Logging configuration successfully loaded.
2025-08-06 10:52:27 - INFO - Directory already exists: C:\Users\madis\Documents\Coding\PythonProjects\AUTOSearch\output
2025-08-06 10:52:27 - INFO - Directory already exists: C:\Users\madis\Documents\Coding\PythonProjects\AUTOSearch\output
2025-08-06 10:52:27 - INFO - Directory already exists: C:\Users\madis\Documents\Coding\PythonProjects\AUTOSearch\logs
2025-08-06 10:52:27 - INFO - Environment initialized successfully.C:\Users\madis\Documents\Coding\PythonProjects\AUTOSearch
2025-08-06 10:55:41 - INFO - Logging configuration successfully loaded.
2025-08-06 10:55:41 - INFO - Directory already exists: C:\Users\madis\Documents\Coding\PythonProjects\AUTOSearch\output
2025-08-06 10:55:41 - INFO - Directory already exists: C:\Users\madis\Documents\Coding\PythonProjects\AUTOSearch\output
2025-08-06 10:55:41 - INFO - Directory already exists: C:\Users\madis\Documents\Coding\PythonProjects\AUTOSearch\logs
2025-08-06 10:55:41 - INFO - Environment initialized successfully.C:\Users\madis\Documents\Coding\PythonProjects\AUTOSearch
2025-08-06 10:59:12 - INFO - Logging configuration successfully loaded.
2025-08-06 10:59:12 - INFO - Directory already exists: C:\Users\madis\Documents\Coding\PythonProjects\AUTOSearch\output
2025-08-06 10:59:12 - INFO - Directory already exists: C:\Users\madis\Documents\Coding\PythonProjects\AUTOSearch\output
2025-08-06 10:59:12 - INFO - Directory already exists: C:\Users\madis\Documents\Coding\PythonProjects\AUTOSearch\logs
2025-08-06 10:59:12 - INFO - Environment initialized successfully.C:\Users\madis\Documents\Coding\PythonProjects\AUTOSearch
2025-08-06 11:00:34 - INFO - Logging configuration successfully loaded.
2025-08-06 11:00:34 - INFO - Directory already exists: C:\Users\madis\Documents\Coding\PythonProjects\AUTOSearch\output
2025-08-06 11:00:34 - INFO - Directory already exists: C:\Users\madis\Documents\Coding\PythonProjects\AUTOSearch\output
2025-08-06 11:00:34 - INFO - Directory already exists: C:\Users\madis\Documents\Coding\PythonProjects\AUTOSearch\logs
2025-08-06 11:00:34 - INFO - Environment initialized successfully.C:\Users\madis\Documents\Coding\PythonProjects\AUTOSearch
2025-08-06 11:03:13 - INFO - Logging configuration successfully loaded.
2025-08-06 11:03:13 - INFO - Directory already exists: C:\Users\madis\Documents\Coding\PythonProjects\AUTOSearch\output
2025-08-06 11:03:13 - INFO - Directory already exists: C:\Users\madis\Documents\Coding\PythonProjects\AUTOSearch\output
2025-08-06 11:03:13 - INFO - Directory already exists: C:\Users\madis\Documents\Coding\PythonProjects\AUTOSearch\logs
2025-08-06 11:03:13 - INFO - Environment initialized successfully.C:\Users\madis\Documents\Coding\PythonProjects\AUTOSearch
2025-08-06 11:06:01 - INFO - Logging configuration successfully loaded.
2025-08-06 11:06:01 - INFO - Directory already exists: C:\Users\madis\Documents\Coding\PythonProjects\AUTOSearch\output
2025-08-06 11:06:01 - INFO - Directory already exists: C:\Users\madis\Documents\Coding\PythonProjects\AUTOSearch\output
2025-08-06 11:06:01 - INFO - Directory already exists: C:\Users\madis\Documents\Coding\PythonProjects\AUTOSearch\logs
2025-08-06 11:06:01 - INFO - Environment initialized successfully.C:\Users\madis\Documents\Coding\PythonProjects\AUTOSearch
2025-08-06 11:21:41 - INFO - Logging configuration successfully loaded.
2025-08-06 11:21:41 - INFO - Directory already exists: C:\Users\madis\Documents\Coding\PythonProjects\AUTOSearch\output
2025-08-06 11:21:41 - INFO - Directory already exists: C:\Users\madis\Documents\Coding\PythonProjects\AUTOSearch\output
2025-08-06 11:21:41 - INFO - Directory already exists: C:\Users\madis\Documents\Coding\PythonProjects\AUTOSearch\logs
2025-08-06 11:21:41 - INFO - Environment initialized successfully.C:\Users\madis\Documents\Coding\PythonProjects\AUTOSearch
2025-08-06 11:43:23 - INFO - Logging configuration successfully loaded.
2025-08-06 11:43:23 - INFO - Directory already exists: C:\Users\madis\Documents\Coding\PythonProjects\AUTOSearch\output
2025-08-06 11:43:23 - INFO - Directory already exists: C:\Users\madis\Documents\Coding\PythonProjects\AUTOSearch\output
2025-08-06 11:43:23 - INFO - Directory already exists: C:\Users\madis\Documents\Coding\PythonProjects\AUTOSearch\logs
2025-08-06 11:43:23 - INFO - Environment initialized successfully.C:\Users\madis\Documents\Coding\PythonProjects\AUTOSearch
2025-08-06 11:43:27 - ERROR - Error saving file: [Errno 13] Permission denied: 'C:\\Users\\madis\\Documents\\Coding\\PythonProjects\\AUTOSearch\\output/2025-08-06_search_results_pubmed.csv'
2025-08-06 11:43:40 - INFO - Logging configuration successfully loaded.
2025-08-06 11:43:40 - INFO - Directory already exists: C:\Users\madis\Documents\Coding\PythonProjects\AUTOSearch\output
2025-08-06 11:43:40 - INFO - Directory already exists: C:\Users\madis\Documents\Coding\PythonProjects\AUTOSearch\output
2025-08-06 11:43:40 - INFO - Directory already exists: C:\Users\madis\Documents\Coding\PythonProjects\AUTOSearch\logs
2025-08-06 11:43:40 - INFO - Environment initialized successfully.C:\Users\madis\Documents\Coding\PythonProjects\AUTOSearch
2025-08-06 11:44:47 - INFO - Logging configuration successfully loaded.
2025-08-06 11:44:47 - INFO - Directory already exists: C:\Users\madis\Documents\Coding\PythonProjects\AUTOSearch\output
2025-08-06 11:44:47 - INFO - Directory already exists: C:\Users\madis\Documents\Coding\PythonProjects\AUTOSearch\output
2025-08-06 11:44:47 - INFO - Directory already exists: C:\Users\madis\Documents\Coding\PythonProjects\AUTOSearch\logs
2025-08-06 11:44:47 - INFO - Environment initialized successfully.C:\Users\madis\Documents\Coding\PythonProjects\AUTOSearch
2025-08-06 11:54:18 - INFO - Logging configuration successfully loaded.
2025-08-06 11:54:18 - INFO - Directory already exists: C:\Users\madis\Documents\Coding\PythonProjects\AUTOSearch\output
2025-08-06 11:54:18 - INFO - Directory already exists: C:\Users\madis\Documents\Coding\PythonProjects\AUTOSearch\output
2025-08-06 11:54:18 - INFO - Directory already exists: C:\Users\madis\Documents\Coding\PythonProjects\AUTOSearch\logs
2025-08-06 11:54:18 - INFO - Environment initialized successfully.C:\Users\madis\Documents\Coding\PythonProjects\AUTOSearch
2025-08-06 12:04:38 - INFO - Logging configuration successfully loaded.
2025-08-06 12:04:38 - INFO - Directory already exists: C:\Users\madis\Documents\Coding\PythonProjects\AUTOSearch\output
2025-08-06 12:04:38 - INFO - Directory already exists: C:\Users\madis\Documents\Coding\PythonProjects\AUTOSearch\output
2025-08-06 12:04:38 - INFO - Directory already exists: C:\Users\madis\Documents\Coding\PythonProjects\AUTOSearch\logs
2025-08-06 12:04:38 - INFO - Environment initialized successfully.C:\Users\madis\Documents\Coding\PythonProjects\AUTOSearch
2025-08-06 12:20:31 - INFO - Logging configuration successfully loaded.
2025-08-06 12:20:31 - INFO - Directory already exists: C:\Users\madis\Documents\Coding\PythonProjects\AUTOSearch\output
2025-08-06 12:20:31 - INFO - Directory already exists: C:\Users\madis\Documents\Coding\PythonProjects\AUTOSearch\output
2025-08-06 12:20:31 - INFO - Directory already exists: C:\Users\madis\Documents\Coding\PythonProjects\AUTOSearch\logs
2025-08-06 12:20:31 - INFO - Environment initialized successfully.C:\Users\madis\Documents\Coding\PythonProjects\AUTOSearch
2025-08-06 12:21:14 - INFO - Logging configuration successfully loaded.
2025-08-06 12:21:14 - INFO - Directory already exists: C:\Users\madis\Documents\Coding\PythonProjects\AUTOSearch\output
2025-08-06 12:21:14 - INFO - Directory already exists: C:\Users\madis\Documents\Coding\PythonProjects\AUTOSearch\output
2025-08-06 12:21:14 - INFO - Directory already exists: C:\Users\madis\Documents\Coding\PythonProjects\AUTOSearch\logs
2025-08-06 12:21:14 - INFO - Environment initialized successfully.C:\Users\madis\Documents\Coding\PythonProjects\AUTOSearch
2025-08-06 15:18:43 - INFO - Logging configuration successfully loaded.
2025-08-06 15:18:43 - INFO - Directory already exists: C:\Users\madis\Documents\Coding\PythonProjects\AUTOSearch\output
2025-08-06 15:18:43 - INFO - Directory already exists: C:\Users\madis\Documents\Coding\PythonProjects\AUTOSearch\output
2025-08-06 15:18:43 - INFO - Directory already exists: C:\Users\madis\Documents\Coding\PythonProjects\AUTOSearch\logs
2025-08-06 15:18:43 - INFO - Environment initialized successfully.C:\Users\madis\Documents\Coding\PythonProjects\AUTOSearch
2025-08-07 07:59:53 - INFO - Logging configuration successfully loaded.
2025-08-07 07:59:53 - INFO - Directory already exists: C:\Users\madis\Documents\PythonProjects\PubMedExtractMeta\output
2025-08-07 07:59:53 - INFO - Directory already exists: C:\Users\madis\Documents\PythonProjects\PubMedExtractMeta\output
2025-08-07 07:59:53 - INFO - Directory already exists: C:\Users\madis\Documents\PythonProjects\PubMedExtractMeta\logs
2025-08-07 07:59:53 - INFO - Environment initialized successfully.C:\Users\madis\Documents\PythonProjects\PubMedExtractMeta
2025-08-07 09:56:03 - INFO - Logging configuration successfully loaded.
2025-08-07 09:56:03 - INFO - Directory already exists: C:\Users\madis\Documents\PythonProjects\PubMedExtractMeta\output
2025-08-07 09:56:03 - INFO - Directory already exists: C:\Users\madis\Documents\PythonProjects\PubMedExtractMeta\output
2025-08-07 09:56:03 - INFO - Directory already exists: C:\Users\madis\Documents\PythonProjects\PubMedExtractMeta\logs
2025-08-07 09:56:03 - INFO - Environment initialized successfully.C:\Users\madis\Documents\PythonProjects\PubMedExtractMeta
2025-08-07 09:57:50 - INFO - Logging configuration successfully loaded.
2025-08-07 09:57:50 - INFO - Directory already exists: C:\Users\madis\Documents\PythonProjects\PubMedExtractMeta\output
2025-08-07 09:57:50 - INFO - Directory already exists: C:\Users\madis\Documents\PythonProjects\PubMedExtractMeta\output
2025-08-07 09:57:50 - INFO - Directory already exists: C:\Users\madis\Documents\PythonProjects\PubMedExtractMeta\logs
2025-08-07 09:57:50 - INFO - Environment initialized successfully.C:\Users\madis\Documents\PythonProjects\PubMedExtractMeta
2025-08-07 10:01:16 - INFO - Logging configuration successfully loaded.
2025-08-07 10:01:16 - INFO - Directory already exists: C:\Users\madis\Documents\PythonProjects\PubMedExtractMeta\output
2025-08-07 10:01:16 - INFO - Directory already exists: C:\Users\madis\Documents\PythonProjects\PubMedExtractMeta\output
2025-08-07 10:01:16 - INFO - Directory already exists: C:\Users\madis\Documents\PythonProjects\PubMedExtractMeta\logs
2025-08-07 10:01:16 - INFO - Environment initialized successfully.C:\Users\madis\Documents\PythonProjects\PubMedExtractMeta
2025-08-07 10:06:59 - INFO - Logging configuration successfully loaded.
2025-08-07 10:06:59 - INFO - Directory already exists: C:\Users\madis\Documents\PythonProjects\PubMedExtractMeta\output
2025-08-07 10:06:59 - INFO - Directory already exists: C:\Users\madis\Documents\PythonProjects\PubMedExtractMeta\output
2025-08-07 10:06:59 - INFO - Directory already exists: C:\Users\madis\Documents\PythonProjects\PubMedExtractMeta\logs
2025-08-07 10:06:59 - INFO - Environment initialized successfully.C:\Users\madis\Documents\PythonProjects\PubMedExtractMeta
2025-08-07 10:07:21 - INFO - Logging configuration successfully loaded.
2025-08-07 10:07:21 - INFO - Directory already exists: C:\Users\madis\Documents\PythonProjects\PubMedExtractMeta\output
2025-08-07 10:07:21 - INFO - Directory already exists: C:\Users\madis\Documents\PythonProjects\PubMedExtractMeta\output
2025-08-07 10:07:21 - INFO - Directory already exists: C:\Users\madis\Documents\PythonProjects\PubMedExtractMeta\logs
2025-08-07 10:07:21 - INFO - Environment initialized successfully.C:\Users\madis\Documents\PythonProjects\PubMedExtractMeta
2025-08-07 11:34:01 - INFO - Logging configuration successfully loaded.
2025-08-07 11:34:01 - INFO - Directory already exists: C:\Users\madis\Documents\Coding\PythonProjects\AUTOSearch\output
2025-08-07 11:34:01 - INFO - Directory already exists: C:\Users\madis\Documents\Coding\PythonProjects\AUTOSearch\output
2025-08-07 11:34:01 - INFO - Directory already exists: C:\Users\madis\Documents\Coding\PythonProjects\AUTOSearch\logs
2025-08-07 11:34:01 - INFO - Environment initialized successfully.C:\Users\madis\Documents\Coding\PythonProjects\AUTOSearch
2025-08-07 11:43:25 - INFO - Logging configuration successfully loaded.
2025-08-07 11:43:25 - INFO - Directory already exists: C:\Users\madis\Documents\Coding\PythonProjects\AUTOSearch\output
2025-08-07 11:43:25 - INFO - Directory already exists: C:\Users\madis\Documents\Coding\PythonProjects\AUTOSearch\output
2025-08-07 11:43:25 - INFO - Directory already exists: C:\Users\madis\Documents\Coding\PythonProjects\AUTOSearch\logs
2025-08-07 11:43:25 - INFO - Environment initialized successfully.C:\Users\madis\Documents\Coding\PythonProjects\AUTOSearch
2025-08-07 11:46:21 - INFO - Logging configuration successfully loaded.
2025-08-07 11:46:21 - INFO - Directory already exists: C:\Users\madis\Documents\Coding\PythonProjects\AUTOSearch\output
2025-08-07 11:46:21 - INFO - Directory already exists: C:\Users\madis\Documents\Coding\PythonProjects\AUTOSearch\output
2025-08-07 11:46:21 - INFO - Directory already exists: C:\Users\madis\Documents\Coding\PythonProjects\AUTOSearch\logs
2025-08-07 11:46:21 - INFO - Environment initialized successfully.C:\Users\madis\Documents\Coding\PythonProjects\AUTOSearch
2025-08-07 11:49:07 - INFO - Logging configuration successfully loaded.
2025-08-07 11:49:07 - INFO - Directory already exists: C:\Users\madis\Documents\Coding\PythonProjects\AUTOSearch\output
2025-08-07 11:49:07 - INFO - Directory already exists: C:\Users\madis\Documents\Coding\PythonProjects\AUTOSearch\output
2025-08-07 11:49:07 - INFO - Directory already exists: C:\Users\madis\Documents\Coding\PythonProjects\AUTOSearch\logs
2025-08-07 11:49:07 - INFO - Environment initialized successfully.C:\Users\madis\Documents\Coding\PythonProjects\AUTOSearch
2025-08-07 11:58:48 - INFO - Logging configuration successfully loaded.
2025-08-07 11:58:48 - INFO - Directory already exists: C:\Users\madis\Documents\Coding\PythonProjects\AUTOSearch\output
2025-08-07 11:58:48 - INFO - Directory already exists: C:\Users\madis\Documents\Coding\PythonProjects\AUTOSearch\output
2025-08-07 11:58:48 - INFO - Directory already exists: C:\Users\madis\Documents\Coding\PythonProjects\AUTOSearch\logs
2025-08-07 11:58:48 - INFO - Environment initialized successfully.C:\Users\madis\Documents\Coding\PythonProjects\AUTOSearch
2025-08-07 12:23:12 - INFO - Logging configuration successfully loaded.
2025-08-07 12:23:12 - INFO - Directory already exists: C:\Users\madis\Documents\Coding\PythonProjects\AUTOSearch\output
2025-08-07 12:23:12 - INFO - Directory already exists: C:\Users\madis\Documents\Coding\PythonProjects\AUTOSearch\output
2025-08-07 12:23:12 - INFO - Directory already exists: C:\Users\madis\Documents\Coding\PythonProjects\AUTOSearch\logs
2025-08-07 12:23:12 - INFO - Environment initialized successfully.C:\Users\madis\Documents\Coding\PythonProjects\AUTOSearch
2025-08-07 12:30:15 - INFO - Logging configuration successfully loaded.
2025-08-07 12:30:15 - INFO - Directory already exists: C:\Users\madis\Documents\Coding\PythonProjects\AUTOSearch\output
2025-08-07 12:30:15 - INFO - Directory already exists: C:\Users\madis\Documents\Coding\PythonProjects\AUTOSearch\output
2025-08-07 12:30:15 - INFO - Directory already exists: C:\Users\madis\Documents\Coding\PythonProjects\AUTOSearch\logs
2025-08-07 12:30:15 - INFO - Environment initialized successfully.C:\Users\madis\Documents\Coding\PythonProjects\AUTOSearch
2025-08-07 12:36:57 - INFO - Logging configuration successfully loaded.
2025-08-07 12:36:57 - INFO - Directory already exists: C:\Users\madis\Documents\Coding\PythonProjects\AUTOSearch\output
2025-08-07 12:36:57 - INFO - Directory already exists: C:\Users\madis\Documents\Coding\PythonProjects\AUTOSearch\output
2025-08-07 12:36:57 - INFO - Directory already exists: C:\Users\madis\Documents\Coding\PythonProjects\AUTOSearch\logs
2025-08-07 12:36:57 - INFO - Environment initialized successfully.C:\Users\madis\Documents\Coding\PythonProjects\AUTOSearch
2025-08-07 12:40:24 - INFO - Logging configuration successfully loaded.
2025-08-07 12:40:24 - INFO - Directory already exists: C:\Users\madis\Documents\Coding\PythonProjects\AUTOSearch\output
2025-08-07 12:40:24 - INFO - Directory already exists: C:\Users\madis\Documents\Coding\PythonProjects\AUTOSearch\output
2025-08-07 12:40:24 - INFO - Directory already exists: C:\Users\madis\Documents\Coding\PythonProjects\AUTOSearch\logs
2025-08-07 12:40:24 - INFO - Environment initialized successfully.C:\Users\madis\Documents\Coding\PythonProjects\AUTOSearch
2025-08-07 12:42:16 - INFO - Logging configuration successfully loaded.
2025-08-07 12:42:16 - INFO - Directory already exists: C:\Users\madis\Documents\Coding\PythonProjects\AUTOSearch\output
2025-08-07 12:42:16 - INFO - Directory already exists: C:\Users\madis\Documents\Coding\PythonProjects\AUTOSearch\output
2025-08-07 12:42:16 - INFO - Directory already exists: C:\Users\madis\Documents\Coding\PythonProjects\AUTOSearch\logs
2025-08-07 12:42:16 - INFO - Environment initialized successfully.C:\Users\madis\Documents\Coding\PythonProjects\AUTOSearch
2025-08-07 12:44:56 - INFO - Logging configuration successfully loaded.
2025-08-07 12:44:56 - INFO - Directory already exists: C:\Users\madis\Documents\Coding\PythonProjects\AUTOSearch\output
2025-08-07 12:44:56 - INFO - Directory already exists: C:\Users\madis\Documents\Coding\PythonProjects\AUTOSearch\output
2025-08-07 12:44:56 - INFO - Directory already exists: C:\Users\madis\Documents\Coding\PythonProjects\AUTOSearch\logs
2025-08-07 12:44:56 - INFO - Environment initialized successfully.C:\Users\madis\Documents\Coding\PythonProjects\AUTOSearch
2025-08-07 12:46:04 - INFO - Logging configuration successfully loaded.
2025-08-07 12:46:04 - INFO - Directory already exists: C:\Users\madis\Documents\Coding\PythonProjects\AUTOSearch\output
2025-08-07 12:46:04 - INFO - Directory already exists: C:\Users\madis\Documents\Coding\PythonProjects\AUTOSearch\output
2025-08-07 12:46:04 - INFO - Directory already exists: C:\Users\madis\Documents\Coding\PythonProjects\AUTOSearch\logs
2025-08-07 12:46:04 - INFO - Environment initialized successfully.C:\Users\madis\Documents\Coding\PythonProjects\AUTOSearch
2025-08-07 12:49:04 - INFO - Logging configuration successfully loaded.
2025-08-07 12:49:04 - INFO - Directory already exists: C:\Users\madis\Documents\Coding\PythonProjects\AUTOSearch\output
2025-08-07 12:49:04 - INFO - Directory already exists: C:\Users\madis\Documents\Coding\PythonProjects\AUTOSearch\output
2025-08-07 12:49:04 - INFO - Directory already exists: C:\Users\madis\Documents\Coding\PythonProjects\AUTOSearch\logs
2025-08-07 12:49:04 - INFO - Environment initialized successfully.C:\Users\madis\Documents\Coding\PythonProjects\AUTOSearch
2025-08-07 12:55:17 - INFO - Logging configuration successfully loaded.
2025-08-07 12:55:17 - INFO - Directory already exists: C:\Users\madis\Documents\Coding\PythonProjects\AUTOSearch\output
2025-08-07 12:55:17 - INFO - Directory already exists: C:\Users\madis\Documents\Coding\PythonProjects\AUTOSearch\output
2025-08-07 12:55:17 - INFO - Directory already exists: C:\Users\madis\Documents\Coding\PythonProjects\AUTOSearch\logs
2025-08-07 12:55:17 - INFO - Environment initialized successfully.C:\Users\madis\Documents\Coding\PythonProjects\AUTOSearch
2025-08-07 12:58:08 - INFO - Logging configuration successfully loaded.
2025-08-07 12:58:08 - INFO - Directory already exists: C:\Users\madis\Documents\Coding\PythonProjects\AUTOSearch\output
2025-08-07 12:58:08 - INFO - Directory already exists: C:\Users\madis\Documents\Coding\PythonProjects\AUTOSearch\output
2025-08-07 12:58:08 - INFO - Directory already exists: C:\Users\madis\Documents\Coding\PythonProjects\AUTOSearch\logs
2025-08-07 12:58:08 - INFO - Environment initialized successfully.C:\Users\madis\Documents\Coding\PythonProjects\AUTOSearch
2025-08-07 13:00:17 - INFO - Logging configuration successfully loaded.
2025-08-07 13:00:17 - INFO - Directory already exists: C:\Users\madis\Documents\Coding\PythonProjects\AUTOSearch\output
2025-08-07 13:00:17 - INFO - Directory already exists: C:\Users\madis\Documents\Coding\PythonProjects\AUTOSearch\output
2025-08-07 13:00:17 - INFO - Directory already exists: C:\Users\madis\Documents\Coding\PythonProjects\AUTOSearch\logs
2025-08-07 13:00:17 - INFO - Environment initialized successfully.C:\Users\madis\Documents\Coding\PythonProjects\AUTOSearch
2025-08-07 13:00:34 - INFO - Logging configuration successfully loaded.
2025-08-07 13:00:34 - INFO - Directory already exists: C:\Users\madis\Documents\Coding\PythonProjects\AUTOSearch\output
2025-08-07 13:00:34 - INFO - Directory already exists: C:\Users\madis\Documents\Coding\PythonProjects\AUTOSearch\output
2025-08-07 13:00:34 - INFO - Directory already exists: C:\Users\madis\Documents\Coding\PythonProjects\AUTOSearch\logs
2025-08-07 13:00:34 - INFO - Environment initialized successfully.C:\Users\madis\Documents\Coding\PythonProjects\AUTOSearch
2025-08-07 13:04:01 - INFO - Logging configuration successfully loaded.
2025-08-07 13:04:01 - INFO - Directory already exists: C:\Users\madis\Documents\Coding\PythonProjects\AUTOSearch\output
2025-08-07 13:04:01 - INFO - Directory already exists: C:\Users\madis\Documents\Coding\PythonProjects\AUTOSearch\output
2025-08-07 13:04:01 - INFO - Directory already exists: C:\Users\madis\Documents\Coding\PythonProjects\AUTOSearch\logs
2025-08-07 13:04:01 - INFO - Environment initialized successfully.C:\Users\madis\Documents\Coding\PythonProjects\AUTOSearch
2025-08-07 13:05:14 - INFO - Logging configuration successfully loaded.
2025-08-07 13:05:14 - INFO - Directory already exists: C:\Users\madis\Documents\Coding\PythonProjects\AUTOSearch\output
2025-08-07 13:05:14 - INFO - Directory already exists: C:\Users\madis\Documents\Coding\PythonProjects\AUTOSearch\output
2025-08-07 13:05:14 - INFO - Directory already exists: C:\Users\madis\Documents\Coding\PythonProjects\AUTOSearch\logs
2025-08-07 13:05:14 - INFO - Environment initialized successfully.C:\Users\madis\Documents\Coding\PythonProjects\AUTOSearch
